Performing C SOURCE FILE Test CMAKE_HAVE_LIBC_PTHREAD failed with the following output:
Change Dir: /workspace/catkin_ws/build/camera_pkg/CMakeFiles/CMakeScratch/TryCompile-vAuvXy

Run Build Command(s):/usr/bin/make -f Makefile cmTC_d27fb/fast && /usr/bin/make  -f CMakeFiles/cmTC_d27fb.dir/build.make CMakeFiles/cmTC_d27fb.dir/build
make[1]: Entering directory '/workspace/catkin_ws/build/camera_pkg/CMakeFiles/CMakeScratch/TryCompile-vAuvXy'
Building C object CMakeFiles/cmTC_d27fb.dir/src.c.o
/usr/bin/cc -DCMAKE_HAVE_LIBC_PTHREAD   -o CMakeFiles/cmTC_d27fb.dir/src.c.o -c /workspace/catkin_ws/build/camera_pkg/CMakeFiles/CMakeScratch/TryCompile-vAuvXy/src.c
Linking C executable cmTC_d27fb
/usr/local/lib/python3.8/dist-packages/cmake/data/bin/cmake -E cmake_link_script CMakeFiles/cmTC_d27fb.dir/link.txt --verbose=1
/usr/bin/cc -rdynamic CMakeFiles/cmTC_d27fb.dir/src.c.o -o cmTC_d27fb 
/usr/bin/ld: CMakeFiles/cmTC_d27fb.dir/src.c.o: in function `main':
src.c:(.text+0x48): undefined reference to `pthread_create'
/usr/bin/ld: src.c:(.text+0x50): undefined reference to `pthread_detach'
/usr/bin/ld: src.c:(.text+0x58): undefined reference to `pthread_cancel'
/usr/bin/ld: src.c:(.text+0x64): undefined reference to `pthread_join'
collect2: error: ld returned 1 exit status
make[1]: *** [CMakeFiles/cmTC_d27fb.dir/build.make:99: cmTC_d27fb] Error 1
make[1]: Leaving directory '/workspace/catkin_ws/build/camera_pkg/CMakeFiles/CMakeScratch/TryCompile-vAuvXy'
make: *** [Makefile:127: cmTC_d27fb/fast] Error 2


Source file was:
#include <pthread.h>

static void* test_func(void* data)
{
  return data;
}

int main(void)
{
  pthread_t thread;
  pthread_create(&thread, NULL, test_func, NULL);
  pthread_detach(thread);
  pthread_cancel(thread);
  pthread_join(thread, NULL);
  pthread_atfork(NULL, NULL, NULL);
  pthread_exit(NULL);

  return 0;
}


Determining if the function pthread_create exists in the pthreads failed with the following output:
Change Dir: /workspace/catkin_ws/build/camera_pkg/CMakeFiles/CMakeScratch/TryCompile-1PM9Cy

Run Build Command(s):/usr/bin/make -f Makefile cmTC_aff43/fast && /usr/bin/make  -f CMakeFiles/cmTC_aff43.dir/build.make CMakeFiles/cmTC_aff43.dir/build
make[1]: Entering directory '/workspace/catkin_ws/build/camera_pkg/CMakeFiles/CMakeScratch/TryCompile-1PM9Cy'
Building C object CMakeFiles/cmTC_aff43.dir/CheckFunctionExists.c.o
/usr/bin/cc   -DCHECK_FUNCTION_EXISTS=pthread_create -o CMakeFiles/cmTC_aff43.dir/CheckFunctionExists.c.o -c /workspace/catkin_ws/build/camera_pkg/CMakeFiles/CMakeScratch/TryCompile-1PM9Cy/CheckFunctionExists.c
Linking C executable cmTC_aff43
/usr/local/lib/python3.8/dist-packages/cmake/data/bin/cmake -E cmake_link_script CMakeFiles/cmTC_aff43.dir/link.txt --verbose=1
/usr/bin/cc  -DCHECK_FUNCTION_EXISTS=pthread_create -rdynamic CMakeFiles/cmTC_aff43.dir/CheckFunctionExists.c.o -o cmTC_aff43  -lpthreads 
/usr/bin/ld: cannot find -lpthreads
collect2: error: ld returned 1 exit status
make[1]: *** [CMakeFiles/cmTC_aff43.dir/build.make:99: cmTC_aff43] Error 1
make[1]: Leaving directory '/workspace/catkin_ws/build/camera_pkg/CMakeFiles/CMakeScratch/TryCompile-1PM9Cy'
make: *** [Makefile:127: cmTC_aff43/fast] Error 2



