Performing C SOURCE FILE Test CMAKE_HAVE_LIBC_PTHREAD failed with the following output:
Change Dir: /workspace/catkin_ws/build/coop_per_msgs/CMakeFiles/CMakeScratch/TryCompile-Jv5OcK

Run Build Command(s):/usr/bin/make -f Makefile cmTC_30ee7/fast && /usr/bin/make  -f CMakeFiles/cmTC_30ee7.dir/build.make CMakeFiles/cmTC_30ee7.dir/build
make[1]: Entering directory '/workspace/catkin_ws/build/coop_per_msgs/CMakeFiles/CMakeScratch/TryCompile-Jv5OcK'
Building C object CMakeFiles/cmTC_30ee7.dir/src.c.o
/usr/bin/cc -DCMAKE_HAVE_LIBC_PTHREAD   -o CMakeFiles/cmTC_30ee7.dir/src.c.o -c /workspace/catkin_ws/build/coop_per_msgs/CMakeFiles/CMakeScratch/TryCompile-Jv5OcK/src.c
Linking C executable cmTC_30ee7
/usr/local/lib/python3.8/dist-packages/cmake/data/bin/cmake -E cmake_link_script CMakeFiles/cmTC_30ee7.dir/link.txt --verbose=1
/usr/bin/cc -rdynamic CMakeFiles/cmTC_30ee7.dir/src.c.o -o cmTC_30ee7 
/usr/bin/ld: CMakeFiles/cmTC_30ee7.dir/src.c.o: in function `main':
src.c:(.text+0x48): undefined reference to `pthread_create'
/usr/bin/ld: src.c:(.text+0x50): undefined reference to `pthread_detach'
/usr/bin/ld: src.c:(.text+0x58): undefined reference to `pthread_cancel'
/usr/bin/ld: src.c:(.text+0x64): undefined reference to `pthread_join'
collect2: error: ld returned 1 exit status
make[1]: *** [CMakeFiles/cmTC_30ee7.dir/build.make:99: cmTC_30ee7] Error 1
make[1]: Leaving directory '/workspace/catkin_ws/build/coop_per_msgs/CMakeFiles/CMakeScratch/TryCompile-Jv5OcK'
make: *** [Makefile:127: cmTC_30ee7/fast] Error 2


Source file was:
#include <pthread.h>

static void* test_func(void* data)
{
  return data;
}

int main(void)
{
  pthread_t thread;
  pthread_create(&thread, NULL, test_func, NULL);
  pthread_detach(thread);
  pthread_cancel(thread);
  pthread_join(thread, NULL);
  pthread_atfork(NULL, NULL, NULL);
  pthread_exit(NULL);

  return 0;
}


Determining if the function pthread_create exists in the pthreads failed with the following output:
Change Dir: /workspace/catkin_ws/build/coop_per_msgs/CMakeFiles/CMakeScratch/TryCompile-MBcAMJ

Run Build Command(s):/usr/bin/make -f Makefile cmTC_6fa15/fast && /usr/bin/make  -f CMakeFiles/cmTC_6fa15.dir/build.make CMakeFiles/cmTC_6fa15.dir/build
make[1]: Entering directory '/workspace/catkin_ws/build/coop_per_msgs/CMakeFiles/CMakeScratch/TryCompile-MBcAMJ'
Building C object CMakeFiles/cmTC_6fa15.dir/CheckFunctionExists.c.o
/usr/bin/cc   -DCHECK_FUNCTION_EXISTS=pthread_create -o CMakeFiles/cmTC_6fa15.dir/CheckFunctionExists.c.o -c /workspace/catkin_ws/build/coop_per_msgs/CMakeFiles/CMakeScratch/TryCompile-MBcAMJ/CheckFunctionExists.c
Linking C executable cmTC_6fa15
/usr/local/lib/python3.8/dist-packages/cmake/data/bin/cmake -E cmake_link_script CMakeFiles/cmTC_6fa15.dir/link.txt --verbose=1
/usr/bin/cc  -DCHECK_FUNCTION_EXISTS=pthread_create -rdynamic CMakeFiles/cmTC_6fa15.dir/CheckFunctionExists.c.o -o cmTC_6fa15  -lpthreads 
/usr/bin/ld: cannot find -lpthreads
collect2: error: ld returned 1 exit status
make[1]: *** [CMakeFiles/cmTC_6fa15.dir/build.make:99: cmTC_6fa15] Error 1
make[1]: Leaving directory '/workspace/catkin_ws/build/coop_per_msgs/CMakeFiles/CMakeScratch/TryCompile-MBcAMJ'
make: *** [Makefile:127: cmTC_6fa15/fast] Error 2



